#
# A fatal error has been detected by the Java Runtime Environment:
#
#  EXCEPTION_ACCESS_VIOLATION (0xc0000005) at pc=0x0000020b6743a8cb, pid=3804, tid=6492
#
# JRE version: Java(TM) SE Runtime Environment (14.0.1+7) (build 14.0.1+7)
# Java VM: Java HotSpot(TM) 64-Bit Server VM (14.0.1+7, mixed mode, sharing, tiered, compressed oops, g1 gc, windows-amd64)
# Problematic frame:
# j  io.AddressTest.main([Ljava/lang/String;)V+51
#
# No core dump will be written. Minidumps are not enabled by default on client versions of Windows
#
# If you would like to submit a bug report, please visit:
#   https://bugreport.java.com/bugreport/crash.jsp
#

---------------  S U M M A R Y ------------

Command Line: -agentlib:jdwp=transport=dt_socket,suspend=y,address=localhost:55802 -javaagent:C:\java_study\eclips\eclipse\configuration\org.eclipse.osgi\411\0\.cp\lib\javaagent-shaded.jar -Dfile.encoding=UTF-8 io.AddressTest

Host: Intel(R) Core(TM) i7-3770 CPU @ 3.40GHz, 8 cores, 15G,  Windows 10 , 64 bit Build 18362 (10.0.18362.959)
Time: Tue Jul 28 14:27:28 2020 ¢¥eCN©öI¡¾©ö C¡ÍA¨ª¨öA elapsed time: 132 seconds (0d 0h 2m 12s)

---------------  T H R E A D  ---------------

Current thread (0x0000020b5ec81800):  JavaThread "main" [_thread_in_Java, id=6492, stack(0x0000006c87c00000,0x0000006c87d00000)]

Stack: [0x0000006c87c00000,0x0000006c87d00000],  sp=0x0000006c87cff1d0,  free space=1020k
Native frames: (J=compiled Java code, j=interpreted, Vv=VM code, C=native code)
C  0x0000020b6743a8cb


siginfo: EXCEPTION_ACCESS_VIOLATION (0xc0000005), reading address 0x000000070000000c


Register to memory mapping:

RIP=0x0000020b6743a8cb is at code_begin+11 in an Interpreter codelet
faload  48 faload  [0x0000020b6743a8c0, 0x0000020b6743a900]  64 bytes
RAX=0xffffffffffffffff is an unknown value
RBX=0x0000000000000030 is an unknown value
RCX=0x0000020b02fe14c8 is pointing into metadata
RDX=0x0000000700000000 is an unknown value
RSP=0x0000006c87cff1d0 is pointing into the stack for thread: 0x0000020b5ec81800
RBP=0x0000006c87cff220 is pointing into the stack for thread: 0x0000020b5ec81800
RSI=0x0 is NULL
RDI=0x0000020b6742cda9 is at code_begin+7593 in an Interpreter codelet
invoke return entry points  [0x0000020b6742b000, 0x0000020b6742d0c0]  8384 bytes
R8 =0x0000000000000002 is an unknown value
R9 =0x0000000000000002 is an unknown value
R10=0x00007ffc5be71a80 jvm.dll
R11={method} {0x0000000800323e68} 'split' '(Ljava/lang/String;)[Ljava/lang/String;' in 'java/lang/String'
R12=0x0 is NULL
R13=0x0000020b02fdd728 is pointing into metadata
R14=0x0000006c87cff270 is pointing into the stack for thread: 0x0000020b5ec81800
R15=0x0000020b5ec81800 is a thread


Registers:
RAX=0xffffffffffffffff, RBX=0x0000000000000030, RCX=0x0000020b02fe14c8, RDX=0x0000000700000000
RSP=0x0000006c87cff1d0, RBP=0x0000006c87cff220, RSI=0x0000000000000000, RDI=0x0000020b6742cda9
R8 =0x0000000000000002, R9 =0x0000000000000002, R10=0x00007ffc5be71a80, R11=0x0000000800323e60
R12=0x0000000000000000, R13=0x0000020b02fdd728, R14=0x0000006c87cff270, R15=0x0000020b5ec81800
RIP=0x0000020b6743a8cb, EFLAGS=0x0000000000010202

Top of Stack: (sp=0x0000006c87cff1d0)
0x0000006c87cff1d0:   00000000ffffffff 0000006c87cff1d8
0x0000006c87cff1e0:   0000020b02fe0ce3 0000006c87cff270
0x0000006c87cff1f0:   0000020b02fe11b0 0000000000000000
0x0000006c87cff200:   000000070e30b550 0000020b02fe0db8
0x0000006c87cff210:   0000000000000000 0000006c87cff270
0x0000006c87cff220:   0000006c87cff450 0000020b67420f90
0x0000006c87cff230:   0000000000000000 0000000706fb0850
0x0000006c87cff240:   0000000706fb0050 000000000000c4f1
0x0000006c87cff250:   000000070da7d3e8 000000070da473d0
0x0000006c87cff260:   000000070e30b6c0 000000070e30b6a8
0x0000006c87cff270:   000000070e30b698 0000020b5ec81800
0x0000006c87cff280:   0000000000000000 00007ffc5bac8aba
0x0000006c87cff290:   0000000000000190 00007ffc5b686c72
0x0000006c87cff2a0:   00000008002879a0 0000020b5ec81800
0x0000006c87cff2b0:   000000000000001b 0000020b5caa96d2
0x0000006c87cff2c0:   0000020bd60000d6 0000020b5cab1be0 

Instructions: (pc=0x0000020b6743a8cb)
0x0000020b6743a7cb:   49 ba 80 12 e7 5b fc 7f 00 00 41 ff 24 da 0f 1f
0x0000020b6743a7db:   80 00 00 00 00 60 00 00 00 00 00 00 00 10 96 c1
0x0000020b6743a7eb:   5b fc 7f 00 00 2e 00 00 00 00 00 00 00 00 00 00
0x0000020b6743a7fb:   00 00 00 00 00 8b 04 24 48 83 c4 08 5a 48 63 c0
0x0000020b6743a80b:   3b 42 0c 8b d8 72 08 48 8b d2 e9 e6 8d ff ff 8b
0x0000020b6743a81b:   44 82 10 41 0f b6 5d 01 49 ff c5 49 ba 80 f2 e6
0x0000020b6743a82b:   5b fc 7f 00 00 41 ff 24 da 0f 1f 40 00 00 00 00
0x0000020b6743a83b:   00 00 00 00 00 60 00 00 00 00 00 00 00 18 96 c1
0x0000020b6743a84b:   5b fc 7f 00 00 2f 00 00 00 00 00 00 00 00 00 00
0x0000020b6743a85b:   00 00 00 00 00 8b 04 24 48 83 c4 08 5a 48 63 c0
0x0000020b6743a86b:   3b 42 0c 8b d8 72 08 48 8b d2 e9 86 8d ff ff 48
0x0000020b6743a87b:   8b 44 da 10 41 0f b6 5d 01 49 ff c5 49 ba 80 fa
0x0000020b6743a88b:   e6 5b fc 7f 00 00 41 ff 24 da 66 66 90 00 00 00
0x0000020b6743a89b:   00 00 00 00 00 60 00 00 00 00 00 00 00 20 96 c1
0x0000020b6743a8ab:   5b fc 7f 00 00 30 00 00 00 00 00 00 00 00 00 00
0x0000020b6743a8bb:   00 00 00 00 00 8b 04 24 48 83 c4 08 5a 48 63 c0
0x0000020b6743a8cb:   3b 42 0c 8b d8 72 08 48 8b d2 e9 26 8d ff ff c5
0x0000020b6743a8db:   fa 10 44 82 10 41 0f b6 5d 01 49 ff c5 49 ba 80
0x0000020b6743a8eb:   02 e7 5b fc 7f 00 00 41 ff 24 da 66 90 00 00 00
0x0000020b6743a8fb:   00 00 00 00 00 60 00 00 00 00 00 00 00 28 96 c1
0x0000020b6743a90b:   5b fc 7f 00 00 31 00 00 00 00 00 00 00 00 00 00
0x0000020b6743a91b:   00 00 00 00 00 8b 04 24 48 83 c4 08 5a 48 63 c0
0x0000020b6743a92b:   3b 42 0c 8b d8 72 08 48 8b d2 e9 c6 8c ff ff c5
0x0000020b6743a93b:   fb 10 44 c2 10 41 0f b6 5d 01 49 ff c5 49 ba 80
0x0000020b6743a94b:   0a e7 5b fc 7f 00 00 41 ff 24 da 66 90 00 00 00
0x0000020b6743a95b:   00 00 00 00 00 60 00 00 00 00 00 00 00 30 96 c1
0x0000020b6743a96b:   5b fc 7f 00 00 32 00 00 00 00 00 00 00 00 00 00
0x0000020b6743a97b:   00 00 00 00 00 8b 04 24 48 83 c4 08 5a 48 63 c0
0x0000020b6743a98b:   3b 42 0c 8b d8 72 08 48 8b d2 e9 66 8c ff ff 8b
0x0000020b6743a99b:   44 82 10 48 c1 e0 03 41 0f b6 5d 01 49 ff c5 49
0x0000020b6743a9ab:   ba 80 12 e7 5b fc 7f 00 00 41 ff 24 da 00 00 00
0x0000020b6743a9bb:   00 00 00 00 00 60 00 00 00 00 00 00 00 38 96 c1 


Stack slot to memory mapping:
stack at sp + 0 slots: 0x00000000ffffffff is an unknown value
stack at sp + 1 slots: 0x0000006c87cff1d8 is pointing into the stack for thread: 0x0000020b5ec81800
stack at sp + 2 slots: 0x0000020b02fe0ce3 is pointing into metadata
stack at sp + 3 slots: 0x0000006c87cff270 is pointing into the stack for thread: 0x0000020b5ec81800
stack at sp + 4 slots: 0x0000020b02fe11b0 is pointing into metadata
stack at sp + 5 slots: 0x0 is NULL
stack at sp + 6 slots: 0x000000070e30b550 is an oop: java.lang.Class 
{0x000000070e30b550} - klass: 'java/lang/Class'
stack at sp + 7 slots: {method} {0x0000020b02fe0dc0} 'main' '([Ljava/lang/String;)V' in 'io/AddressTest'

faload  48 faload  [0x0000020b6743a8c0, 0x0000020b6743a900]  64 bytes
[MachCode]
  0x0000020b6743a8c0: 8b04 2448 | 83c4 085a | 4863 c03b | 420c 8bd8 | 7208 488b | d2e9 268d | ffff c5fa | 1044 8210 
  0x0000020b6743a8e0: 410f b65d | 0149 ffc5 | 49ba 8002 | e75b fc7f | 0000 41ff | 24da 6690 | 0000 0000 | 0000 0000 
[/MachCode]

---------------  P R O C E S S  ---------------

Threads class SMR info:
_java_thread_list=0x0000020b03bb1510, length=14, elements={
0x0000020b5ec81800, 0x0000020b02b80000, 0x0000020b02b81800, 0x0000020b0341f800,
0x0000020b03423800, 0x0000020b03426000, 0x0000020b03433800, 0x0000020b0343a000,
0x0000020b0344d000, 0x0000020b03410800, 0x0000020b035e3000, 0x0000020b036e5000,
0x0000020b036e7800, 0x0000020b03cd0000
}

Java Threads: ( => current thread )
=>0x0000020b5ec81800 JavaThread "main" [_thread_in_Java, id=6492, stack(0x0000006c87c00000,0x0000006c87d00000)]
  0x0000020b02b80000 JavaThread "Reference Handler" daemon [_thread_blocked, id=12448, stack(0x0000006c88300000,0x0000006c88400000)]
  0x0000020b02b81800 JavaThread "Finalizer" daemon [_thread_blocked, id=10000, stack(0x0000006c88400000,0x0000006c88500000)]
  0x0000020b0341f800 JavaThread "Signal Dispatcher" daemon [_thread_blocked, id=6524, stack(0x0000006c88500000,0x0000006c88600000)]
  0x0000020b03423800 JavaThread "Attach Listener" daemon [_thread_blocked, id=5600, stack(0x0000006c88600000,0x0000006c88700000)]
  0x0000020b03426000 JavaThread "Service Thread" daemon [_thread_blocked, id=4080, stack(0x0000006c88700000,0x0000006c88800000)]
  0x0000020b03433800 JavaThread "C2 CompilerThread0" daemon [_thread_blocked, id=10648, stack(0x0000006c88800000,0x0000006c88900000)]
  0x0000020b0343a000 JavaThread "C1 CompilerThread0" daemon [_thread_blocked, id=8836, stack(0x0000006c88900000,0x0000006c88a00000)]
  0x0000020b0344d000 JavaThread "Sweeper thread" daemon [_thread_blocked, id=11072, stack(0x0000006c88a00000,0x0000006c88b00000)]
  0x0000020b03410800 JavaThread "Common-Cleaner" daemon [_thread_blocked, id=8636, stack(0x0000006c88b00000,0x0000006c88c00000)]
  0x0000020b035e3000 JavaThread "JDWP Transport Listener: dt_socket" daemon [_thread_blocked, id=10132, stack(0x0000006c88d00000,0x0000006c88e00000)]
  0x0000020b036e5000 JavaThread "JDWP Event Helper Thread" daemon [_thread_blocked, id=12988, stack(0x0000006c88e00000,0x0000006c88f00000)]
  0x0000020b036e7800 JavaThread "JDWP Command Reader" daemon [_thread_in_native, id=7656, stack(0x0000006c88f00000,0x0000006c89000000)]
  0x0000020b03cd0000 JavaThread "Notification Thread" daemon [_thread_blocked, id=840, stack(0x0000006c89000000,0x0000006c89100000)]

Other Threads:
  0x0000020b02b7c800 VMThread "VM Thread" [stack: 0x0000006c88200000,0x0000006c88300000] [id=7536] _threads_hazard_ptr=0x0000020b03bb1510
  0x0000020b03c96800 WatcherThread [stack: 0x0000006c89100000,0x0000006c89200000] [id=9104]
  0x0000020b5ece9000 GCTaskThread "GC Thread#0" [stack: 0x0000006c87d00000,0x0000006c87e00000] [id=10788]
  0x0000020b03d0b000 GCTaskThread "GC Thread#1" [stack: 0x0000006c89300000,0x0000006c89400000] [id=5596]
  0x0000020b03c92800 GCTaskThread "GC Thread#2" [stack: 0x0000006c89400000,0x0000006c89500000] [id=412]
  0x0000020b03c93000 GCTaskThread "GC Thread#3" [stack: 0x0000006c89500000,0x0000006c89600000] [id=11772]
  0x0000020b03c94000 GCTaskThread "GC Thread#4" [stack: 0x0000006c89600000,0x0000006c89700000] [id=13304]
  0x0000020b03c94800 GCTaskThread "GC Thread#5" [stack: 0x0000006c89700000,0x0000006c89800000] [id=6152]
  0x0000020b5ed0c000 ConcurrentGCThread "G1 Main Marker" [stack: 0x0000006c87e00000,0x0000006c87f00000] [id=12160]
  0x0000020b5ed0e000 ConcurrentGCThread "G1 Conc#0" [stack: 0x0000006c87f00000,0x0000006c88000000] [id=5220]
  0x0000020b02a6b800 ConcurrentGCThread "G1 Refine#0" [stack: 0x0000006c88000000,0x0000006c88100000] [id=9444]
  0x0000020b02a6c800 ConcurrentGCThread "G1 Young RemSet Sampling" [stack: 0x0000006c88100000,0x0000006c88200000] [id=2640]

Threads with active compile tasks:

VM state:synchronizing (normal execution)

VM Mutex/Monitor currently owned by a thread:  ([mutex/lock_event])
[0x0000020b5ec7de30] Threads_lock - owner thread: 0x0000020b02b7c800

Heap address: 0x0000000700800000, size: 4088 MB, Compressed Oops mode: Zero based, Oop shift amount: 3
Narrow klass base: 0x0000000800000000, Narrow klass shift: 3
Compressed class space size: 1073741824 Address: 0x0000000800b30000

Heap:
 garbage-first heap   total 262144K, used 198124K [0x0000000700800000, 0x0000000800000000)
  region size 1024K, 153 young (156672K), 3 survivors (3072K)
 Metaspace       used 2901K, capacity 4909K, committed 5120K, reserved 1056768K
  class space    used 264K, capacity 443K, committed 512K, reserved 1048576K
Heap Regions: E=young(eden), S=young(survivor), O=old, HS=humongous(starts), HC=humongous(continues), CS=collection set, F=free, OA=open archive, CA=closed archive, TAMS=top-at-mark-start (previous, next)
|   0|0x0000000700800000, 0x0000000700900000, 0x0000000700900000|100%|HS|  |TAMS 0x0000000700800000, 0x0000000700800000| Complete 
|   1|0x0000000700900000, 0x0000000700a00000, 0x0000000700a00000|100%|HC|  |TAMS 0x0000000700900000, 0x0000000700900000| Complete 
|   2|0x0000000700a00000, 0x0000000700b00000, 0x0000000700b00000|100%|HC|  |TAMS 0x0000000700a00000, 0x0000000700a00000| Complete 
|   3|0x0000000700b00000, 0x0000000700c00000, 0x0000000700c00000|100%|HC|  |TAMS 0x0000000700b00000, 0x0000000700b00000| Complete 
|   4|0x0000000700c00000, 0x0000000700d00000, 0x0000000700d00000|100%|HC|  |TAMS 0x0000000700c00000, 0x0000000700c00000| Complete 
|   5|0x0000000700d00000, 0x0000000700e00000, 0x0000000700e00000|100%|HC|  |TAMS 0x0000000700d00000, 0x0000000700d00000| Complete 
|   6|0x0000000700e00000, 0x0000000700f00000, 0x0000000700f00000|100%|HC|  |TAMS 0x0000000700e00000, 0x0000000700e00000| Complete 
|   7|0x0000000700f00000, 0x0000000701000000, 0x0000000701000000|100%|HC|  |TAMS 0x0000000700f00000, 0x0000000700f00000| Complete 
|   8|0x0000000701000000, 0x0000000701000000, 0x0000000701100000|  0%| F|  |TAMS 0x0000000701000000, 0x0000000701000000| Untracked 
|   9|0x0000000701100000, 0x0000000701100000, 0x0000000701200000|  0%| F|  |TAMS 0x0000000701100000, 0x0000000701100000| Untracked 
|  10|0x0000000701200000, 0x0000000701200000, 0x0000000701300000|  0%| F|  |TAMS 0x0000000701200000, 0x0000000701200000| Untracked 
|  11|0x0000000701300000, 0x0000000701300000, 0x0000000701400000|  0%| F|  |TAMS 0x0000000701300000, 0x0000000701300000| Untracked 
|  12|0x0000000701400000, 0x0000000701400000, 0x0000000701500000|  0%| F|  |TAMS 0x0000000701400000, 0x0000000701400000| Untracked 
|  13|0x0000000701500000, 0x0000000701500000, 0x0000000701600000|  0%| F|  |TAMS 0x0000000701500000, 0x0000000701500000| Untracked 
|  14|0x0000000701600000, 0x0000000701600000, 0x0000000701700000|  0%| F|  |TAMS 0x0000000701600000, 0x0000000701600000| Untracked 
|  15|0x0000000701700000, 0x0000000701700000, 0x0000000701800000|  0%| F|  |TAMS 0x0000000701700000, 0x0000000701700000| Untracked 
|  16|0x0000000701800000, 0x0000000701800000, 0x0000000701900000|  0%| F|  |TAMS 0x0000000701800000, 0x0000000701800000| Untracked 
|  17|0x0000000701900000, 0x0000000701900000, 0x0000000701a00000|  0%| F|  |TAMS 0x0000000701900000, 0x0000000701900000| Untracked 
|  18|0x0000000701a00000, 0x0000000701a00000, 0x0000000701b00000|  0%| F|  |TAMS 0x0000000701a00000, 0x0000000701a00000| Untracked 
|  19|0x0000000701b00000, 0x0000000701b00000, 0x0000000701c00000|  0%| F|  |TAMS 0x0000000701b00000, 0x0000000701b00000| Untracked 
|  20|0x0000000701c00000, 0x0000000701c00000, 0x0000000701d00000|  0%| F|  |TAMS 0x0000000701c00000, 0x0000000701c00000| Untracked 
|  21|0x0000000701d00000, 0x0000000701e00000, 0x0000000701e00000|100%|HS|  |TAMS 0x0000000701d00000, 0x0000000701d00000| Complete 
|  22|0x0000000701e00000, 0x0000000701f00000, 0x0000000701f00000|100%|HC|  |TAMS 0x0000000701e00000, 0x0000000701e00000| Complete 
|  23|0x0000000701f00000, 0x0000000702000000, 0x0000000702000000|100%|HC|  |TAMS 0x0000000701f00000, 0x0000000701f00000| Complete 
|  24|0x0000000702000000, 0x0000000702100000, 0x0000000702100000|100%|HC|  |TAMS 0x0000000702000000, 0x0000000702000000| Complete 
|  25|0x0000000702100000, 0x0000000702200000, 0x0000000702200000|100%|HC|  |TAMS 0x0000000702100000, 0x0000000702100000| Complete 
|  26|0x0000000702200000, 0x0000000702300000, 0x0000000702300000|100%|HC|  |TAMS 0x0000000702200000, 0x0000000702200000| Complete 
|  27|0x0000000702300000, 0x0000000702400000, 0x0000000702400000|100%|HC|  |TAMS 0x0000000702300000, 0x0000000702300000| Complete 
|  28|0x0000000702400000, 0x0000000702500000, 0x0000000702500000|100%|HC|  |TAMS 0x0000000702400000, 0x0000000702400000| Complete 
|  29|0x0000000702500000, 0x0000000702600000, 0x0000000702600000|100%|HC|  |TAMS 0x0000000702500000, 0x0000000702500000| Complete 
|  30|0x0000000702600000, 0x0000000702700000, 0x0000000702700000|100%|HC|  |TAMS 0x0000000702600000, 0x0000000702600000| Complete 
|  31|0x0000000702700000, 0x0000000702800000, 0x0000000702800000|100%|HC|  |TAMS 0x0000000702700000, 0x0000000702700000| Complete 
|  32|0x0000000702800000, 0x0000000702900000, 0x0000000702900000|100%|HC|  |TAMS 0x0000000702800000, 0x0000000702800000| Complete 
|  33|0x0000000702900000, 0x0000000702a00000, 0x0000000702a00000|100%|HC|  |TAMS 0x0000000702900000, 0x0000000702900000| Complete 
|  34|0x0000000702a00000, 0x0000000702b00000, 0x0000000702b00000|100%|HC|  |TAMS 0x0000000702a00000, 0x0000000702a00000| Complete 
|  35|0x0000000702b00000, 0x0000000702c00000, 0x0000000702c00000|100%|HC|  |TAMS 0x0000000702b00000, 0x0000000702b00000| Complete 
|  36|0x0000000702c00000, 0x0000000702d00000, 0x0000000702d00000|100%|HC|  |TAMS 0x0000000702c00000, 0x0000000702c00000| Complete 
|  37|0x0000000702d00000, 0x0000000702e00000, 0x0000000702e00000|100%|HC|  |TAMS 0x0000000702d00000, 0x0000000702d00000| Complete 
|  38|0x0000000702e00000, 0x0000000702f00000, 0x0000000702f00000|100%|HC|  |TAMS 0x0000000702e00000, 0x0000000702e00000| Complete 
|  39|0x0000000702f00000, 0x0000000703000000, 0x0000000703000000|100%|HC|  |TAMS 0x0000000702f00000, 0x0000000702f00000| Complete 
|  40|0x0000000703000000, 0x0000000703100000, 0x0000000703100000|100%|HS|  |TAMS 0x0000000703000000, 0x0000000703000000| Complete 
|  41|0x0000000703100000, 0x0000000703200000, 0x0000000703200000|100%|HC|  |TAMS 0x0000000703100000, 0x0000000703100000| Complete 
|  42|0x0000000703200000, 0x0000000703300000, 0x0000000703300000|100%|HC|  |TAMS 0x0000000703200000, 0x0000000703200000| Complete 
|  43|0x0000000703300000, 0x0000000703400000, 0x0000000703400000|100%|HC|  |TAMS 0x0000000703300000, 0x0000000703300000| Complete 
|  44|0x0000000703400000, 0x0000000703500000, 0x0000000703500000|100%|HC|  |TAMS 0x0000000703400000, 0x0000000703400000| Complete 
|  45|0x0000000703500000, 0x0000000703600000, 0x0000000703600000|100%|HC|  |TAMS 0x0000000703500000, 0x0000000703500000| Complete 
|  46|0x0000000703600000, 0x0000000703700000, 0x0000000703700000|100%|HC|  |TAMS 0x0000000703600000, 0x0000000703600000| Complete 
|  47|0x0000000703700000, 0x0000000703800000, 0x0000000703800000|100%|HC|  |TAMS 0x0000000703700000, 0x0000000703700000| Complete 
|  48|0x0000000703800000, 0x0000000703900000, 0x0000000703900000|100%|HC|  |TAMS 0x0000000703800000, 0x0000000703800000| Complete 
|  49|0x0000000703900000, 0x0000000703a00000, 0x0000000703a00000|100%|HC|  |TAMS 0x0000000703900000, 0x0000000703900000| Complete 
|  50|0x0000000703a00000, 0x0000000703b00000, 0x0000000703b00000|100%|HC|  |TAMS 0x0000000703a00000, 0x0000000703a00000| Complete 
|  51|0x0000000703b00000, 0x0000000703c00000, 0x0000000703c00000|100%|HC|  |TAMS 0x0000000703b00000, 0x0000000703b00000| Complete 
|  52|0x0000000703c00000, 0x0000000703d00000, 0x0000000703d00000|100%|HC|  |TAMS 0x0000000703c00000, 0x0000000703c00000| Complete 
|  53|0x0000000703d00000, 0x0000000703e00000, 0x0000000703e00000|100%|HC|  |TAMS 0x0000000703d00000, 0x0000000703d00000| Complete 
|  54|0x0000000703e00000, 0x0000000703f00000, 0x0000000703f00000|100%|HC|  |TAMS 0x0000000703e00000, 0x0000000703e00000| Complete 
|  55|0x0000000703f00000, 0x0000000703f00000, 0x0000000704000000|  0%| F|  |TAMS 0x0000000703f00000, 0x0000000703f00000| Untracked 
|  56|0x0000000704000000, 0x0000000704000000, 0x0000000704100000|  0%| F|  |TAMS 0x0000000704000000, 0x0000000704000000| Untracked 
|  57|0x0000000704100000, 0x0000000704100000, 0x0000000704200000|  0%| F|  |TAMS 0x0000000704100000, 0x0000000704100000| Untracked 
|  58|0x0000000704200000, 0x0000000704200000, 0x0000000704300000|  0%| F|  |TAMS 0x0000000704200000, 0x0000000704200000| Untracked 
|  59|0x0000000704300000, 0x0000000704300000, 0x0000000704400000|  0%| F|  |TAMS 0x0000000704300000, 0x0000000704300000| Untracked 
|  60|0x0000000704400000, 0x0000000704400000, 0x0000000704500000|  0%| F|  |TAMS 0x0000000704400000, 0x0000000704400000| Untracked 
|  61|0x0000000704500000, 0x0000000704500000, 0x0000000704600000|  0%| F|  |TAMS 0x0000000704500000, 0x0000000704500000| Untracked 
|  62|0x0000000704600000, 0x0000000704600000, 0x0000000704700000|  0%| F|  |TAMS 0x0000000704600000, 0x0000000704600000| Untracked 
|  63|0x0000000704700000, 0x0000000704700000, 0x0000000704800000|  0%| F|  |TAMS 0x0000000704700000, 0x0000000704700000| Untracked 
|  64|0x0000000704800000, 0x0000000704800000, 0x0000000704900000|  0%| F|  |TAMS 0x0000000704800000, 0x0000000704800000| Untracked 
|  65|0x0000000704900000, 0x0000000704900000, 0x0000000704a00000|  0%| F|  |TAMS 0x0000000704900000, 0x0000000704900000| Untracked 
|  66|0x0000000704a00000, 0x0000000704a00000, 0x0000000704b00000|  0%| F|  |TAMS 0x0000000704a00000, 0x0000000704a00000| Untracked 
|  67|0x0000000704b00000, 0x0000000704b00000, 0x0000000704c00000|  0%| F|  |TAMS 0x0000000704b00000, 0x0000000704b00000| Untracked 
|  68|0x0000000704c00000, 0x0000000704c00000, 0x0000000704d00000|  0%| F|  |TAMS 0x0000000704c00000, 0x0000000704c00000| Untracked 
|  69|0x0000000704d00000, 0x0000000704d00000, 0x0000000704e00000|  0%| F|  |TAMS 0x0000000704d00000, 0x0000000704d00000| Untracked 
|  70|0x0000000704e00000, 0x0000000704e00000, 0x0000000704f00000|  0%| F|  |TAMS 0x0000000704e00000, 0x0000000704e00000| Untracked 
|  71|0x0000000704f00000, 0x0000000704f00000, 0x0000000705000000|  0%| F|  |TAMS 0x0000000704f00000, 0x0000000704f00000| Untracked 
|  72|0x0000000705000000, 0x0000000705000000, 0x0000000705100000|  0%| F|  |TAMS 0x0000000705000000, 0x0000000705000000| Untracked 
|  73|0x0000000705100000, 0x0000000705100000, 0x0000000705200000|  0%| F|  |TAMS 0x0000000705100000, 0x0000000705100000| Untracked 
|  74|0x0000000705200000, 0x0000000705200000, 0x0000000705300000|  0%| F|  |TAMS 0x0000000705200000, 0x0000000705200000| Untracked 
|  75|0x0000000705300000, 0x0000000705300000, 0x0000000705400000|  0%| F|  |TAMS 0x0000000705300000, 0x0000000705300000| Untracked 
|  76|0x0000000705400000, 0x0000000705400000, 0x0000000705500000|  0%| F|  |TAMS 0x0000000705400000, 0x0000000705400000| Untracked 
|  77|0x0000000705500000, 0x0000000705500000, 0x0000000705600000|  0%| F|  |TAMS 0x0000000705500000, 0x0000000705500000| Untracked 
|  78|0x0000000705600000, 0x0000000705600000, 0x0000000705700000|  0%| F|  |TAMS 0x0000000705600000, 0x0000000705600000| Untracked 
|  79|0x0000000705700000, 0x0000000705700000, 0x0000000705800000|  0%| F|  |TAMS 0x0000000705700000, 0x0000000705700000| Untracked 
|  80|0x0000000705800000, 0x0000000705800000, 0x0000000705900000|  0%| F|  |TAMS 0x0000000705800000, 0x0000000705800000| Untracked 
|  81|0x0000000705900000, 0x0000000705900000, 0x0000000705a00000|  0%| F|  |TAMS 0x0000000705900000, 0x0000000705900000| Untracked 
|  82|0x0000000705a00000, 0x0000000705a00000, 0x0000000705b00000|  0%| F|  |TAMS 0x0000000705a00000, 0x0000000705a00000| Untracked 
|  83|0x0000000705b00000, 0x0000000705b00000, 0x0000000705c00000|  0%| F|  |TAMS 0x0000000705b00000, 0x0000000705b00000| Untracked 
|  84|0x0000000705c00000, 0x0000000705c00000, 0x0000000705d00000|  0%| F|  |TAMS 0x0000000705c00000, 0x0000000705c00000| Untracked 
|  85|0x0000000705d00000, 0x0000000705d00000, 0x0000000705e00000|  0%| F|  |TAMS 0x0000000705d00000, 0x0000000705d00000| Untracked 
|  86|0x0000000705e00000, 0x0000000705e00000, 0x0000000705f00000|  0%| F|  |TAMS 0x0000000705e00000, 0x0000000705e00000| Untracked 
|  87|0x0000000705f00000, 0x0000000705f00000, 0x0000000706000000|  0%| F|  |TAMS 0x0000000705f00000, 0x0000000705f00000| Untracked 
|  88|0x0000000706000000, 0x0000000706000000, 0x0000000706100000|  0%| F|  |TAMS 0x0000000706000000, 0x0000000706000000| Untracked 
|  89|0x0000000706100000, 0x0000000706100000, 0x0000000706200000|  0%| F|  |TAMS 0x0000000706100000, 0x0000000706100000| Untracked 
|  90|0x0000000706200000, 0x0000000706200000, 0x0000000706300000|  0%| F|  |TAMS 0x0000000706200000, 0x0000000706200000| Untracked 
|  91|0x0000000706300000, 0x0000000706300000, 0x0000000706400000|  0%| F|  |TAMS 0x0000000706300000, 0x0000000706300000| Untracked 
|  92|0x0000000706400000, 0x0000000706400000, 0x0000000706500000|  0%| F|  |TAMS 0x0000000706400000, 0x0000000706400000| Untracked 
|  93|0x0000000706500000, 0x0000000706500000, 0x0000000706600000|  0%| F|  |TAMS 0x0000000706500000, 0x0000000706500000| Untracked 
|  94|0x0000000706600000, 0x0000000706600000, 0x0000000706700000|  0%| F|  |TAMS 0x0000000706600000, 0x0000000706600000| Untracked 
|  95|0x0000000706700000, 0x0000000706700000, 0x0000000706800000|  0%| F|  |TAMS 0x0000000706700000, 0x0000000706700000| Untracked 
|  96|0x0000000706800000, 0x0000000706800000, 0x0000000706900000|  0%| F|  |TAMS 0x0000000706800000, 0x0000000706800000| Untracked 
|  97|0x0000000706900000, 0x0000000706900000, 0x0000000706a00000|  0%| F|  |TAMS 0x0000000706900000, 0x0000000706900000| Untracked 
|  98|0x0000000706a00000, 0x0000000706a00000, 0x0000000706b00000|  0%| F|  |TAMS 0x0000000706a00000, 0x0000000706a00000| Untracked 
|  99|0x0000000706b00000, 0x0000000706b00000, 0x0000000706c00000|  0%| F|  |TAMS 0x0000000706b00000, 0x0000000706b00000| Untracked 
| 100|0x0000000706c00000, 0x0000000706c00000, 0x0000000706d00000|  0%| F|  |TAMS 0x0000000706c00000, 0x0000000706c00000| Untracked 
| 101|0x0000000706d00000, 0x0000000706d00000, 0x0000000706e00000|  0%| F|  |TAMS 0x0000000706d00000, 0x0000000706d00000| Untracked 
| 102|0x0000000706e00000, 0x0000000706e00000, 0x0000000706f00000|  0%| F|  |TAMS 0x0000000706e00000, 0x0000000706e00000| Untracked 
| 103|0x0000000706f00000, 0x0000000707000000, 0x0000000707000000|100%| E|  |TAMS 0x0000000706f00000, 0x0000000706f00000| Complete 
| 104|0x0000000707000000, 0x0000000707100000, 0x0000000707100000|100%| E|CS|TAMS 0x0000000707000000, 0x0000000707000000| Complete 
| 105|0x0000000707100000, 0x0000000707200000, 0x0000000707200000|100%| E|CS|TAMS 0x0000000707100000, 0x0000000707100000| Complete 
| 106|0x0000000707200000, 0x0000000707300000, 0x0000000707300000|100%| E|CS|TAMS 0x0000000707200000, 0x0000000707200000| Complete 
| 107|0x0000000707300000, 0x0000000707400000, 0x0000000707400000|100%| E|CS|TAMS 0x0000000707300000, 0x0000000707300000| Complete 
| 108|0x0000000707400000, 0x0000000707500000, 0x0000000707500000|100%| E|CS|TAMS 0x0000000707400000, 0x0000000707400000| Complete 
| 109|0x0000000707500000, 0x0000000707600000, 0x0000000707600000|100%| E|CS|TAMS 0x0000000707500000, 0x0000000707500000| Complete 
| 110|0x0000000707600000, 0x0000000707700000, 0x0000000707700000|100%| E|CS|TAMS 0x0000000707600000, 0x0000000707600000| Complete 
| 111|0x0000000707700000, 0x0000000707800000, 0x0000000707800000|100%| E|CS|TAMS 0x0000000707700000, 0x0000000707700000| Complete 
| 112|0x0000000707800000, 0x0000000707900000, 0x0000000707900000|100%| E|CS|TAMS 0x0000000707800000, 0x0000000707800000| Complete 
| 113|0x0000000707900000, 0x0000000707a00000, 0x0000000707a00000|100%| E|CS|TAMS 0x0000000707900000, 0x0000000707900000| Complete 
| 114|0x0000000707a00000, 0x0000000707b00000, 0x0000000707b00000|100%| E|CS|TAMS 0x0000000707a00000, 0x0000000707a00000| Complete 
| 115|0x0000000707b00000, 0x0000000707c00000, 0x0000000707c00000|100%| E|CS|TAMS 0x0000000707b00000, 0x0000000707b00000| Complete 
| 116|0x0000000707c00000, 0x0000000707d00000, 0x0000000707d00000|100%| E|CS|TAMS 0x0000000707c00000, 0x0000000707c00000| Complete 
| 117|0x0000000707d00000, 0x0000000707e00000, 0x0000000707e00000|100%| E|CS|TAMS 0x0000000707d00000, 0x0000000707d00000| Complete 
| 118|0x0000000707e00000, 0x0000000707f00000, 0x0000000707f00000|100%| E|CS|TAMS 0x0000000707e00000, 0x0000000707e00000| Complete 
| 119|0x0000000707f00000, 0x0000000708000000, 0x0000000708000000|100%| E|CS|TAMS 0x0000000707f00000, 0x0000000707f00000| Complete 
| 120|0x0000000708000000, 0x0000000708100000, 0x0000000708100000|100%| E|CS|TAMS 0x0000000708000000, 0x0000000708000000| Complete 
| 121|0x0000000708100000, 0x0000000708200000, 0x0000000708200000|100%| E|CS|TAMS 0x0000000708100000, 0x0000000708100000| Complete 
| 122|0x0000000708200000, 0x0000000708300000, 0x0000000708300000|100%| E|CS|TAMS 0x0000000708200000, 0x0000000708200000| Complete 
| 123|0x0000000708300000, 0x0000000708400000, 0x0000000708400000|100%| E|CS|TAMS 0x0000000708300000, 0x0000000708300000| Complete 
| 124|0x0000000708400000, 0x0000000708500000, 0x0000000708500000|100%| E|CS|TAMS 0x0000000708400000, 0x0000000708400000| Complete 
| 125|0x0000000708500000, 0x0000000708600000, 0x0000000708600000|100%| E|CS|TAMS 0x0000000708500000, 0x0000000708500000| Complete 
| 126|0x0000000708600000, 0x0000000708700000, 0x0000000708700000|100%| E|CS|TAMS 0x0000000708600000, 0x0000000708600000| Complete 
| 127|0x0000000708700000, 0x0000000708800000, 0x0000000708800000|100%| E|CS|TAMS 0x0000000708700000, 0x0000000708700000| Complete 
| 128|0x0000000708800000, 0x0000000708900000, 0x0000000708900000|100%| E|CS|TAMS 0x0000000708800000, 0x0000000708800000| Complete 
| 129|0x0000000708900000, 0x0000000708a00000, 0x0000000708a00000|100%| E|CS|TAMS 0x0000000708900000, 0x0000000708900000| Complete 
| 130|0x0000000708a00000, 0x0000000708b00000, 0x0000000708b00000|100%| E|CS|TAMS 0x0000000708a00000, 0x0000000708a00000| Complete 
| 131|0x0000000708b00000, 0x0000000708c00000, 0x0000000708c00000|100%| E|CS|TAMS 0x0000000708b00000, 0x0000000708b00000| Complete 
| 132|0x0000000708c00000, 0x0000000708d00000, 0x0000000708d00000|100%| E|CS|TAMS 0x0000000708c00000, 0x0000000708c00000| Complete 
| 133|0x0000000708d00000, 0x0000000708e00000, 0x0000000708e00000|100%| E|CS|TAMS 0x0000000708d00000, 0x0000000708d00000| Complete 
| 134|0x0000000708e00000, 0x0000000708f00000, 0x0000000708f00000|100%| E|CS|TAMS 0x0000000708e00000, 0x0000000708e00000| Complete 
| 135|0x0000000708f00000, 0x0000000709000000, 0x0000000709000000|100%| E|CS|TAMS 0x0000000708f00000, 0x0000000708f00000| Complete 
| 136|0x0000000709000000, 0x0000000709100000, 0x0000000709100000|100%| E|CS|TAMS 0x0000000709000000, 0x0000000709000000| Complete 
| 137|0x0000000709100000, 0x0000000709200000, 0x0000000709200000|100%| E|CS|TAMS 0x0000000709100000, 0x0000000709100000| Complete 
| 138|0x0000000709200000, 0x0000000709300000, 0x0000000709300000|100%| E|CS|TAMS 0x0000000709200000, 0x0000000709200000| Complete 
| 139|0x0000000709300000, 0x0000000709400000, 0x0000000709400000|100%| E|CS|TAMS 0x0000000709300000, 0x0000000709300000| Complete 
| 140|0x0000000709400000, 0x0000000709500000, 0x0000000709500000|100%| E|CS|TAMS 0x0000000709400000, 0x0000000709400000| Complete 
| 141|0x0000000709500000, 0x0000000709600000, 0x0000000709600000|100%| E|CS|TAMS 0x0000000709500000, 0x0000000709500000| Complete 
| 142|0x0000000709600000, 0x0000000709700000, 0x0000000709700000|100%| E|CS|TAMS 0x0000000709600000, 0x0000000709600000| Complete 
| 143|0x0000000709700000, 0x0000000709800000, 0x0000000709800000|100%| E|CS|TAMS 0x0000000709700000, 0x0000000709700000| Complete 
| 144|0x0000000709800000, 0x0000000709900000, 0x0000000709900000|100%| E|CS|TAMS 0x0000000709800000, 0x0000000709800000| Complete 
| 145|0x0000000709900000, 0x0000000709a00000, 0x0000000709a00000|100%| E|CS|TAMS 0x0000000709900000, 0x0000000709900000| Complete 
| 146|0x0000000709a00000, 0x0000000709b00000, 0x0000000709b00000|100%| E|CS|TAMS 0x0000000709a00000, 0x0000000709a00000| Complete 
| 147|0x0000000709b00000, 0x0000000709c00000, 0x0000000709c00000|100%| E|CS|TAMS 0x0000000709b00000, 0x0000000709b00000| Complete 
| 148|0x0000000709c00000, 0x0000000709d00000, 0x0000000709d00000|100%| E|CS|TAMS 0x0000000709c00000, 0x0000000709c00000| Complete 
| 149|0x0000000709d00000, 0x0000000709e00000, 0x0000000709e00000|100%| E|CS|TAMS 0x0000000709d00000, 0x0000000709d00000| Complete 
| 150|0x0000000709e00000, 0x0000000709f00000, 0x0000000709f00000|100%| E|CS|TAMS 0x0000000709e00000, 0x0000000709e00000| Complete 
| 151|0x0000000709f00000, 0x000000070a000000, 0x000000070a000000|100%| E|CS|TAMS 0x0000000709f00000, 0x0000000709f00000| Complete 
| 152|0x000000070a000000, 0x000000070a100000, 0x000000070a100000|100%| E|CS|TAMS 0x000000070a000000, 0x000000070a000000| Complete 
| 153|0x000000070a100000, 0x000000070a200000, 0x000000070a200000|100%| E|CS|TAMS 0x000000070a100000, 0x000000070a100000| Complete 
| 154|0x000000070a200000, 0x000000070a300000, 0x000000070a300000|100%| E|CS|TAMS 0x000000070a200000, 0x000000070a200000| Complete 
| 155|0x000000070a300000, 0x000000070a400000, 0x000000070a400000|100%| E|CS|TAMS 0x000000070a300000, 0x000000070a300000| Complete 
| 156|0x000000070a400000, 0x000000070a500000, 0x000000070a500000|100%| E|CS|TAMS 0x000000070a400000, 0x000000070a400000| Complete 
| 157|0x000000070a500000, 0x000000070a600000, 0x000000070a600000|100%| E|CS|TAMS 0x000000070a500000, 0x000000070a500000| Complete 
| 158|0x000000070a600000, 0x000000070a700000, 0x000000070a700000|100%| E|CS|TAMS 0x000000070a600000, 0x000000070a600000| Complete 
| 159|0x000000070a700000, 0x000000070a800000, 0x000000070a800000|100%| E|CS|TAMS 0x000000070a700000, 0x000000070a700000| Complete 
| 160|0x000000070a800000, 0x000000070a900000, 0x000000070a900000|100%| E|CS|TAMS 0x000000070a800000, 0x000000070a800000| Complete 
| 161|0x000000070a900000, 0x000000070aa00000, 0x000000070aa00000|100%| E|CS|TAMS 0x000000070a900000, 0x000000070a900000| Complete 
| 162|0x000000070aa00000, 0x000000070ab00000, 0x000000070ab00000|100%| E|CS|TAMS 0x000000070aa00000, 0x000000070aa00000| Complete 
| 163|0x000000070ab00000, 0x000000070ac00000, 0x000000070ac00000|100%| E|CS|TAMS 0x000000070ab00000, 0x000000070ab00000| Complete 
| 164|0x000000070ac00000, 0x000000070ad00000, 0x000000070ad00000|100%| E|CS|TAMS 0x000000070ac00000, 0x000000070ac00000| Complete 
| 165|0x000000070ad00000, 0x000000070ae00000, 0x000000070ae00000|100%| E|CS|TAMS 0x000000070ad00000, 0x000000070ad00000| Complete 
| 166|0x000000070ae00000, 0x000000070af00000, 0x000000070af00000|100%| E|CS|TAMS 0x000000070ae00000, 0x000000070ae00000| Complete 
| 167|0x000000070af00000, 0x000000070b000000, 0x000000070b000000|100%| E|CS|TAMS 0x000000070af00000, 0x000000070af00000| Complete 
| 168|0x000000070b000000, 0x000000070b100000, 0x000000070b100000|100%| E|CS|TAMS 0x000000070b000000, 0x000000070b000000| Complete 
| 169|0x000000070b100000, 0x000000070b200000, 0x000000070b200000|100%| E|CS|TAMS 0x000000070b100000, 0x000000070b100000| Complete 
| 170|0x000000070b200000, 0x000000070b300000, 0x000000070b300000|100%| E|CS|TAMS 0x000000070b200000, 0x000000070b200000| Complete 
| 171|0x000000070b300000, 0x000000070b400000, 0x000000070b400000|100%| E|CS|TAMS 0x000000070b300000, 0x000000070b300000| Complete 
| 172|0x000000070b400000, 0x000000070b500000, 0x000000070b500000|100%| E|CS|TAMS 0x000000070b400000, 0x000000070b400000| Complete 
| 173|0x000000070b500000, 0x000000070b600000, 0x000000070b600000|100%| E|CS|TAMS 0x000000070b500000, 0x000000070b500000| Complete 
| 174|0x000000070b600000, 0x000000070b700000, 0x000000070b700000|100%| E|CS|TAMS 0x000000070b600000, 0x000000070b600000| Complete 
| 175|0x000000070b700000, 0x000000070b800000, 0x000000070b800000|100%| E|CS|TAMS 0x000000070b700000, 0x000000070b700000| Complete 
| 176|0x000000070b800000, 0x000000070b900000, 0x000000070b900000|100%| E|CS|TAMS 0x000000070b800000, 0x000000070b800000| Complete 
| 177|0x000000070b900000, 0x000000070ba00000, 0x000000070ba00000|100%| E|CS|TAMS 0x000000070b900000, 0x000000070b900000| Complete 
| 178|0x000000070ba00000, 0x000000070bb00000, 0x000000070bb00000|100%| E|CS|TAMS 0x000000070ba00000, 0x000000070ba00000| Complete 
| 179|0x000000070bb00000, 0x000000070bc00000, 0x000000070bc00000|100%| E|CS|TAMS 0x000000070bb00000, 0x000000070bb00000| Complete 
| 180|0x000000070bc00000, 0x000000070bd00000, 0x000000070bd00000|100%| E|CS|TAMS 0x000000070bc00000, 0x000000070bc00000| Complete 
| 181|0x000000070bd00000, 0x000000070be00000, 0x000000070be00000|100%| E|CS|TAMS 0x000000070bd00000, 0x000000070bd00000| Complete 
| 182|0x000000070be00000, 0x000000070bf00000, 0x000000070bf00000|100%| E|CS|TAMS 0x000000070be00000, 0x000000070be00000| Complete 
| 183|0x000000070bf00000, 0x000000070c000000, 0x000000070c000000|100%| E|CS|TAMS 0x000000070bf00000, 0x000000070bf00000| Complete 
| 184|0x000000070c000000, 0x000000070c100000, 0x000000070c100000|100%| E|CS|TAMS 0x000000070c000000, 0x000000070c000000| Complete 
| 185|0x000000070c100000, 0x000000070c200000, 0x000000070c200000|100%| E|CS|TAMS 0x000000070c100000, 0x000000070c100000| Complete 
| 186|0x000000070c200000, 0x000000070c300000, 0x000000070c300000|100%| E|CS|TAMS 0x000000070c200000, 0x000000070c200000| Complete 
| 187|0x000000070c300000, 0x000000070c400000, 0x000000070c400000|100%| E|CS|TAMS 0x000000070c300000, 0x000000070c300000| Complete 
| 188|0x000000070c400000, 0x000000070c500000, 0x000000070c500000|100%| E|CS|TAMS 0x000000070c400000, 0x000000070c400000| Complete 
| 189|0x000000070c500000, 0x000000070c600000, 0x000000070c600000|100%| E|CS|TAMS 0x000000070c500000, 0x000000070c500000| Complete 
| 190|0x000000070c600000, 0x000000070c700000, 0x000000070c700000|100%| E|CS|TAMS 0x000000070c600000, 0x000000070c600000| Complete 
| 191|0x000000070c700000, 0x000000070c800000, 0x000000070c800000|100%| E|CS|TAMS 0x000000070c700000, 0x000000070c700000| Complete 
| 192|0x000000070c800000, 0x000000070c900000, 0x000000070c900000|100%| E|CS|TAMS 0x000000070c800000, 0x000000070c800000| Complete 
| 193|0x000000070c900000, 0x000000070ca00000, 0x000000070ca00000|100%| E|CS|TAMS 0x000000070c900000, 0x000000070c900000| Complete 
| 194|0x000000070ca00000, 0x000000070cb00000, 0x000000070cb00000|100%| E|CS|TAMS 0x000000070ca00000, 0x000000070ca00000| Complete 
| 195|0x000000070cb00000, 0x000000070cc00000, 0x000000070cc00000|100%| E|CS|TAMS 0x000000070cb00000, 0x000000070cb00000| Complete 
| 196|0x000000070cc00000, 0x000000070cd00000, 0x000000070cd00000|100%| E|CS|TAMS 0x000000070cc00000, 0x000000070cc00000| Complete 
| 197|0x000000070cd00000, 0x000000070ce00000, 0x000000070ce00000|100%| E|CS|TAMS 0x000000070cd00000, 0x000000070cd00000| Complete 
| 198|0x000000070ce00000, 0x000000070cf00000, 0x000000070cf00000|100%| E|CS|TAMS 0x000000070ce00000, 0x000000070ce00000| Complete 
| 199|0x000000070cf00000, 0x000000070d000000, 0x000000070d000000|100%| E|CS|TAMS 0x000000070cf00000, 0x000000070cf00000| Complete 
| 200|0x000000070d000000, 0x000000070d100000, 0x000000070d100000|100%| E|CS|TAMS 0x000000070d000000, 0x000000070d000000| Complete 
| 201|0x000000070d100000, 0x000000070d200000, 0x000000070d200000|100%| E|CS|TAMS 0x000000070d100000, 0x000000070d100000| Complete 
| 202|0x000000070d200000, 0x000000070d300000, 0x000000070d300000|100%| E|CS|TAMS 0x000000070d200000, 0x000000070d200000| Complete 
| 203|0x000000070d300000, 0x000000070d400000, 0x000000070d400000|100%| E|CS|TAMS 0x000000070d300000, 0x000000070d300000| Complete 
| 204|0x000000070d400000, 0x000000070d500000, 0x000000070d500000|100%| E|CS|TAMS 0x000000070d400000, 0x000000070d400000| Complete 
| 205|0x000000070d500000, 0x000000070d600000, 0x000000070d600000|100%| E|CS|TAMS 0x000000070d500000, 0x000000070d500000| Complete 
| 206|0x000000070d600000, 0x000000070d700000, 0x000000070d700000|100%| E|CS|TAMS 0x000000070d600000, 0x000000070d600000| Complete 
| 207|0x000000070d700000, 0x000000070d800000, 0x000000070d800000|100%| E|CS|TAMS 0x000000070d700000, 0x000000070d700000| Complete 
| 208|0x000000070d800000, 0x000000070d900000, 0x000000070d900000|100%| E|CS|TAMS 0x000000070d800000, 0x000000070d800000| Complete 
| 209|0x000000070d900000, 0x000000070da00000, 0x000000070da00000|100%| E|CS|TAMS 0x000000070d900000, 0x000000070d900000| Complete 
| 210|0x000000070da00000, 0x000000070db00000, 0x000000070db00000|100%| E|CS|TAMS 0x000000070da00000, 0x000000070da00000| Complete 
| 211|0x000000070db00000, 0x000000070dc00000, 0x000000070dc00000|100%| E|CS|TAMS 0x000000070db00000, 0x000000070db00000| Complete 
| 212|0x000000070dc00000, 0x000000070dd00000, 0x000000070dd00000|100%| E|CS|TAMS 0x000000070dc00000, 0x000000070dc00000| Complete 
| 213|0x000000070dd00000, 0x000000070de00000, 0x000000070de00000|100%| E|CS|TAMS 0x000000070dd00000, 0x000000070dd00000| Complete 
| 214|0x000000070de00000, 0x000000070df00000, 0x000000070df00000|100%| E|CS|TAMS 0x000000070de00000, 0x000000070de00000| Complete 
| 215|0x000000070df00000, 0x000000070e000000, 0x000000070e000000|100%| E|CS|TAMS 0x000000070df00000, 0x000000070df00000| Complete 
| 216|0x000000070e000000, 0x000000070e100000, 0x000000070e100000|100%| E|CS|TAMS 0x000000070e000000, 0x000000070e000000| Complete 
| 217|0x000000070e100000, 0x000000070e17b158, 0x000000070e200000| 48%| S|CS|TAMS 0x000000070e100000, 0x000000070e100000| Complete 
| 218|0x000000070e200000, 0x000000070e300000, 0x000000070e300000|100%| S|CS|TAMS 0x000000070e200000, 0x000000070e200000| Complete 
| 219|0x000000070e300000, 0x000000070e400000, 0x000000070e400000|100%| S|CS|TAMS 0x000000070e300000, 0x000000070e300000| Complete 
| 220|0x000000070e400000, 0x000000070e500000, 0x000000070e500000|100%| E|CS|TAMS 0x000000070e400000, 0x000000070e400000| Complete 
| 221|0x000000070e500000, 0x000000070e600000, 0x000000070e600000|100%| E|CS|TAMS 0x000000070e500000, 0x000000070e500000| Complete 
| 222|0x000000070e600000, 0x000000070e700000, 0x000000070e700000|100%| E|CS|TAMS 0x000000070e600000, 0x000000070e600000| Complete 
| 223|0x000000070e700000, 0x000000070e800000, 0x000000070e800000|100%| E|CS|TAMS 0x000000070e700000, 0x000000070e700000| Complete 
| 224|0x000000070e800000, 0x000000070e900000, 0x000000070e900000|100%| E|CS|TAMS 0x000000070e800000, 0x000000070e800000| Complete 
| 225|0x000000070e900000, 0x000000070ea00000, 0x000000070ea00000|100%| E|CS|TAMS 0x000000070e900000, 0x000000070e900000| Complete 
| 226|0x000000070ea00000, 0x000000070eb00000, 0x000000070eb00000|100%| E|CS|TAMS 0x000000070ea00000, 0x000000070ea00000| Complete 
| 227|0x000000070eb00000, 0x000000070ec00000, 0x000000070ec00000|100%| E|CS|TAMS 0x000000070eb00000, 0x000000070eb00000| Complete 
| 228|0x000000070ec00000, 0x000000070ed00000, 0x000000070ed00000|100%| E|CS|TAMS 0x000000070ec00000, 0x000000070ec00000| Complete 
| 229|0x000000070ed00000, 0x000000070ee00000, 0x000000070ee00000|100%| E|CS|TAMS 0x000000070ed00000, 0x000000070ed00000| Complete 
| 230|0x000000070ee00000, 0x000000070ef00000, 0x000000070ef00000|100%| E|CS|TAMS 0x000000070ee00000, 0x000000070ee00000| Complete 
| 231|0x000000070ef00000, 0x000000070f000000, 0x000000070f000000|100%| E|CS|TAMS 0x000000070ef00000, 0x000000070ef00000| Complete 
| 232|0x000000070f000000, 0x000000070f100000, 0x000000070f100000|100%| E|CS|TAMS 0x000000070f000000, 0x000000070f000000| Complete 
| 233|0x000000070f100000, 0x000000070f200000, 0x000000070f200000|100%| E|CS|TAMS 0x000000070f100000, 0x000000070f100000| Complete 
| 234|0x000000070f200000, 0x000000070f300000, 0x000000070f300000|100%| E|CS|TAMS 0x000000070f200000, 0x000000070f200000| Complete 
| 235|0x000000070f300000, 0x000000070f400000, 0x000000070f400000|100%| E|CS|TAMS 0x000000070f300000, 0x000000070f300000| Complete 
| 236|0x000000070f400000, 0x000000070f500000, 0x000000070f500000|100%| E|CS|TAMS 0x000000070f400000, 0x000000070f400000| Complete 
| 237|0x000000070f500000, 0x000000070f600000, 0x000000070f600000|100%| E|CS|TAMS 0x000000070f500000, 0x000000070f500000| Complete 
| 238|0x000000070f600000, 0x000000070f700000, 0x000000070f700000|100%| E|CS|TAMS 0x000000070f600000, 0x000000070f600000| Complete 
| 239|0x000000070f700000, 0x000000070f800000, 0x000000070f800000|100%| E|CS|TAMS 0x000000070f700000, 0x000000070f700000| Complete 
| 240|0x000000070f800000, 0x000000070f900000, 0x000000070f900000|100%| E|CS|TAMS 0x000000070f800000, 0x000000070f800000| Complete 
| 241|0x000000070f900000, 0x000000070fa00000, 0x000000070fa00000|100%| E|CS|TAMS 0x000000070f900000, 0x000000070f900000| Complete 
| 242|0x000000070fa00000, 0x000000070fb00000, 0x000000070fb00000|100%| E|CS|TAMS 0x000000070fa00000, 0x000000070fa00000| Complete 
| 243|0x000000070fb00000, 0x000000070fc00000, 0x000000070fc00000|100%| E|CS|TAMS 0x000000070fb00000, 0x000000070fb00000| Complete 
| 244|0x000000070fc00000, 0x000000070fd00000, 0x000000070fd00000|100%| E|CS|TAMS 0x000000070fc00000, 0x000000070fc00000| Complete 
| 245|0x000000070fd00000, 0x000000070fe00000, 0x000000070fe00000|100%| E|CS|TAMS 0x000000070fd00000, 0x000000070fd00000| Complete 
| 246|0x000000070fe00000, 0x000000070ff00000, 0x000000070ff00000|100%| E|CS|TAMS 0x000000070fe00000, 0x000000070fe00000| Complete 
| 247|0x000000070ff00000, 0x0000000710000000, 0x0000000710000000|100%| E|CS|TAMS 0x000000070ff00000, 0x000000070ff00000| Complete 
| 248|0x0000000710000000, 0x0000000710100000, 0x0000000710100000|100%| E|CS|TAMS 0x0000000710000000, 0x0000000710000000| Complete 
| 249|0x0000000710100000, 0x0000000710200000, 0x0000000710200000|100%| E|CS|TAMS 0x0000000710100000, 0x0000000710100000| Complete 
| 250|0x0000000710200000, 0x0000000710300000, 0x0000000710300000|100%| E|CS|TAMS 0x0000000710200000, 0x0000000710200000| Complete 
| 251|0x0000000710300000, 0x0000000710400000, 0x0000000710400000|100%| E|CS|TAMS 0x0000000710300000, 0x0000000710300000| Complete 
| 252|0x0000000710400000, 0x0000000710500000, 0x0000000710500000|100%| E|CS|TAMS 0x0000000710400000, 0x0000000710400000| Complete 
| 253|0x0000000710500000, 0x0000000710600000, 0x0000000710600000|100%| E|CS|TAMS 0x0000000710500000, 0x0000000710500000| Complete 
| 254|0x0000000710600000, 0x0000000710700000, 0x0000000710700000|100%| E|CS|TAMS 0x0000000710600000, 0x0000000710600000| Complete 
| 255|0x0000000710700000, 0x0000000710800000, 0x0000000710800000|100%| E|CS|TAMS 0x0000000710700000, 0x0000000710700000| Complete 

Card table byte_map: [0x0000020b76f60000,0x0000020b77760000] _byte_map_base: 0x0000020b7375c000

Marking Bits (Prev, Next): (CMBitMap*) 0x0000020b5ece9bc8, (CMBitMap*) 0x0000020b5ece9c08
 Prev Bits: [0x0000020b77f60000, 0x0000020b7bf40000)
 Next Bits: [0x0000020b7bf40000, 0x0000020b7ff20000)

Polling page: 0x0000020b5ca80000

Metaspace:

Usage:
  Non-class:      4.36 MB capacity,     2.57 MB ( 59%) used,     1.78 MB ( 41%) free+waste,     2.75 KB ( <1%) overhead. 
      Class:    443.00 KB capacity,   264.43 KB ( 60%) used,   177.01 KB ( 40%) free+waste,     1.56 KB ( <1%) overhead. 
       Both:      4.79 MB capacity,     2.83 MB ( 59%) used,     1.96 MB ( 41%) free+waste,     4.31 KB ( <1%) overhead. 

Virtual space:
  Non-class space:        8.00 MB reserved,       4.50 MB ( 56%) committed 
      Class space:        1.00 GB reserved,     512.00 KB ( <1%) committed 
             Both:        1.01 GB reserved,       5.00 MB ( <1%) committed 

Chunk freelists:
   Non-Class:  14.00 KB
       Class:  5.00 KB
        Both:  19.00 KB

MaxMetaspaceSize: 17179869184.00 GB
CompressedClassSpaceSize: 1.00 GB

CodeHeap 'non-profiled nmethods': size=120000Kb used=161Kb max_used=161Kb free=119838Kb
 bounds [0x0000020b6eef0000, 0x0000020b6f160000, 0x0000020b76420000]
CodeHeap 'profiled nmethods': size=120000Kb used=732Kb max_used=732Kb free=119267Kb
 bounds [0x0000020b679c0000, 0x0000020b67c30000, 0x0000020b6eef0000]
CodeHeap 'non-nmethods': size=5760Kb used=1229Kb max_used=1251Kb free=4530Kb
 bounds [0x0000020b67420000, 0x0000020b67690000, 0x0000020b679c0000]
 total_blobs=1311 nmethods=494 adapters=302
 compilation: enabled
              stopped_count=0, restarted_count=0
 full_count=0

Compilation events (20 events):
Event: 124.294 Thread 0x0000020b0343a000 nmethod 488 0x0000020b67a73c10 code [0x0000020b67a73dc0, 0x0000020b67a74078]
Event: 124.298 Thread 0x0000020b03433800 

Event: 124.298 Thread 0x0000020b03433800  489       4       org.eclipse.jdt.launching.internal.org.objectweb.asm.ClassReader::readUnsignedShort (26 bytes)
Event: 124.299 Thread 0x0000020b03433800 nmethod 489 0x0000020b6ef17b10 code [0x0000020b6ef17cc0, 0x0000020b6ef17e58]
Event: 132.732 Thread 0x0000020b0343a000  490       1       java.net.URL::getAuthority (5 bytes)
Event: 132.732 Thread 0x0000020b0343a000 nmethod 490 0x0000020b6ef17f90 code [0x0000020b6ef18120, 0x0000020b6ef181f8]
Event: 132.732 Thread 0x0000020b0343a000  491       1       java.net.URL::getQuery (5 bytes)
Event: 132.732 Thread 0x0000020b0343a000 nmethod 491 0x0000020b6ef18290 code [0x0000020b6ef18420, 0x0000020b6ef184f8]
Event: 132.732 Thread 0x0000020b0343a000  492       3       org.eclipse.jdt.launching.internal.org.objectweb.asm.ByteVector::putByte (39 bytes)
Event: 132.732 Thread 0x0000020b0343a000 nmethod 492 0x0000020b67a74190 code [0x0000020b67a74340, 0x0000020b67a74548]
Event: 132.732 Thread 0x0000020b0343a000  495       3       org.eclipse.jdt.launching.internal.org.objectweb.asm.ByteVector::putUTF8 (144 bytes)
Event: 132.735 Thread 0x0000020b0343a000 

Event: 132.735 Thread 0x0000020b0343a000  497       3       org.eclipse.jdt.launching.internal.org.objectweb.asm.SymbolTable::addConstantUtf8 (98 bytes)
Event: 132.736 Thread 0x0000020b0343a000 nmethod 497 0x0000020b67a74690 code [0x0000020b67a748c0, 0x0000020b67a74fb8]
Event: 132.736 Thread 0x0000020b0343a000  493       3       org.eclipse.jdt.launching.internal.org.objectweb.asm.ClassReader::readUtf (44 bytes)
Event: 132.736 Thread 0x0000020b0343a000 nmethod 493 0x0000020b67a75390 code [0x0000020b67a75560, 0x0000020b67a75a48]
Event: 132.736 Thread 0x0000020b0343a000  494       3       org.eclipse.jdt.launching.internal.org.objectweb.asm.ClassReader::readUTF8 (23 bytes)
Event: 132.736 Thread 0x0000020b0343a000 nmethod 494 0x0000020b67a75c90 code [0x0000020b67a75e40, 0x0000020b67a76108]
Event: 132.737 Thread 0x0000020b0343a000  496       3       org.eclipse.jdt.launching.internal.org.objectweb.asm.SymbolTable::put (150 bytes)
Event: 132.737 Thread 0x0000020b0343a000 nmethod 496 0x0000020b67a76290 code [0x0000020b67a76480, 0x0000020b67a76db8]

GC Heap History (4 events):
Event: 50.693 GC heap before
{Heap before GC invocations=0 (full 0):
 garbage-first heap   total 262144K, used 33792K [0x0000000700800000, 0x0000000800000000)
  region size 1024K, 23 young (23552K), 0 survivors (0K)
 Metaspace       used 2878K, capacity 4909K, committed 5120K, reserved 1056768K
  class space    used 263K, capacity 443K, committed 512K, reserved 1048576K
}
Event: 50.695 GC heap after
{Heap after GC invocations=1 (full 0):
 garbage-first heap   total 262144K, used 7542K [0x0000000700800000, 0x0000000800000000)
  region size 1024K, 3 young (3072K), 3 survivors (3072K)
 Metaspace       used 2878K, capacity 4909K, committed 5120K, reserved 1056768K
  class space    used 263K, capacity 443K, committed 512K, reserved 1048576K
}
Event: 52.619 GC heap before
{Heap before GC invocations=1 (full 0):
 garbage-first heap   total 262144K, used 71030K [0x0000000700800000, 0x0000000800000000)
  region size 1024K, 36 young (36864K), 3 survivors (3072K)
 Metaspace       used 2878K, capacity 4909K, committed 5120K, reserved 1056768K
  class space    used 263K, capacity 443K, committed 512K, reserved 1048576K
}
Event: 52.621 GC heap after
{Heap after GC invocations=2 (full 0):
 garbage-first heap   total 262144K, used 21996K [0x0000000700800000, 0x0000000800000000)
  region size 1024K, 3 young (3072K), 3 survivors (3072K)
 Metaspace       used 2878K, capacity 4909K, committed 5120K, reserved 1056768K
  class space    used 263K, capacity 443K, committed 512K, reserved 1048576K
}

Deoptimization events (20 events):
Event: 0.386 Thread 0x0000020b5ec81800 DEOPT PACKING pc=0x0000020b67a47c0d sp=0x0000006c87cf7c40
Event: 0.386 Thread 0x0000020b5ec81800 DEOPT UNPACKING pc=0x0000020b6746964e sp=0x0000006c87cf7108 mode 0
Event: 0.387 Thread 0x0000020b5ec81800 DEOPT PACKING pc=0x0000020b67a47c0d sp=0x0000006c87cf7c40
Event: 0.387 Thread 0x0000020b5ec81800 DEOPT UNPACKING pc=0x0000020b6746964e sp=0x0000006c87cf7108 mode 0
Event: 0.387 Thread 0x0000020b5ec81800 DEOPT PACKING pc=0x0000020b67a47c0d sp=0x0000006c87cf7c40
Event: 0.387 Thread 0x0000020b5ec81800 DEOPT UNPACKING pc=0x0000020b6746964e sp=0x0000006c87cf7108 mode 0
Event: 0.387 Thread 0x0000020b5ec81800 DEOPT PACKING pc=0x0000020b67a47c0d sp=0x0000006c87cf7c40
Event: 0.387 Thread 0x0000020b5ec81800 DEOPT UNPACKING pc=0x0000020b6746964e sp=0x0000006c87cf7108 mode 0
Event: 0.388 Thread 0x0000020b5ec81800 DEOPT PACKING pc=0x0000020b67a47c0d sp=0x0000006c87cf7c40
Event: 0.388 Thread 0x0000020b5ec81800 DEOPT UNPACKING pc=0x0000020b6746964e sp=0x0000006c87cf7108 mode 0
Event: 0.388 Thread 0x0000020b5ec81800 DEOPT PACKING pc=0x0000020b67a47c0d sp=0x0000006c87cf7c40
Event: 0.388 Thread 0x0000020b5ec81800 DEOPT UNPACKING pc=0x0000020b6746964e sp=0x0000006c87cf7108 mode 0
Event: 0.390 Thread 0x0000020b5ec81800 DEOPT PACKING pc=0x0000020b67a47c0d sp=0x0000006c87cfb6b0
Event: 0.390 Thread 0x0000020b5ec81800 DEOPT UNPACKING pc=0x0000020b6746964e sp=0x0000006c87cfab78 mode 0
Event: 0.390 Thread 0x0000020b5ec81800 DEOPT PACKING pc=0x0000020b67a47c0d sp=0x0000006c87cfb6b0
Event: 0.390 Thread 0x0000020b5ec81800 DEOPT UNPACKING pc=0x0000020b6746964e sp=0x0000006c87cfab78 mode 0
Event: 0.391 Thread 0x0000020b5ec81800 DEOPT PACKING pc=0x0000020b67a5fc98 sp=0x0000006c87cf7ee0
Event: 0.391 Thread 0x0000020b5ec81800 DEOPT UNPACKING pc=0x0000020b6746964e sp=0x0000006c87cf7348 mode 0
Event: 0.391 Thread 0x0000020b5ec81800 DEOPT PACKING pc=0x0000020b67a625f2 sp=0x0000006c87cf7e50
Event: 0.392 Thread 0x0000020b5ec81800 DEOPT UNPACKING pc=0x0000020b6746964e sp=0x0000006c87cf72d8 mode 0

Classes unloaded (0 events):
No events

Classes redefined (2 events):
Event: 124.292 Thread 0x0000020b02b7c800 redefined class name=io.AddressTest, count=1
Event: 132.734 Thread 0x0000020b02b7c800 redefined class name=io.AddressTest, count=2

Internal exceptions (0 events):
No events

Events (20 events):
Event: 118.693 Executing VM operation: get/set locals
Event: 118.693 Executing VM operation: get/set locals done
Event: 118.693 Executing VM operation: get/set locals
Event: 118.693 Executing VM operation: get/set locals done
Event: 124.291 Executing VM operation: RedefineClasses
Event: 124.293 Executing VM operation: RedefineClasses done
Event: 124.298 Executing VM operation: HandshakeAllThreads
Event: 124.298 Executing VM operation: HandshakeAllThreads done
Event: 124.299 Executing VM operation: ChangeBreakpoints
Event: 124.299 Executing VM operation: ChangeBreakpoints done
Event: 124.304 Executing VM operation: ChangeBreakpoints
Event: 124.304 Executing VM operation: ChangeBreakpoints done
Event: 124.309 Executing VM operation: ChangeBreakpoints
Event: 124.309 Executing VM operation: ChangeBreakpoints done
Event: 132.733 Executing VM operation: RedefineClasses
Event: 132.735 Executing VM operation: RedefineClasses done
Event: 132.740 Executing VM operation: ChangeBreakpoints
Event: 132.740 Executing VM operation: ChangeBreakpoints done
Event: 132.745 Executing VM operation: ChangeBreakpoints
Event: 132.746 Executing VM operation: ChangeBreakpoints done


Dynamic libraries:
0x00007ff66db90000 - 0x00007ff66db9f000 	C:\Program Files\Java\jdk-14.0.1\bin\javaw.exe
0x00007ffc94780000 - 0x00007ffc94970000 	C:\Windows\SYSTEM32\ntdll.dll
0x00007ffc94270000 - 0x00007ffc94322000 	C:\Windows\System32\KERNEL32.DLL
0x00007ffc92150000 - 0x00007ffc923f4000 	C:\Windows\System32\KERNELBASE.dll
0x00007ffc91f30000 - 0x00007ffc9202a000 	C:\Windows\System32\ucrtbase.dll
0x00007ffc7bf00000 - 0x00007ffc7bf15000 	C:\Program Files\Java\jdk-14.0.1\bin\VCRUNTIME140.dll
0x00007ffc7cc40000 - 0x00007ffc7cc58000 	C:\Program Files\Java\jdk-14.0.1\bin\jli.dll
0x00007ffc941c0000 - 0x00007ffc94263000 	C:\Windows\System32\ADVAPI32.dll
0x00007ffc92ba0000 - 0x00007ffc92c3e000 	C:\Windows\System32\msvcrt.dll
0x00007ffc92c40000 - 0x00007ffc92cd7000 	C:\Windows\System32\sechost.dll
0x00007ffc93150000 - 0x00007ffc93270000 	C:\Windows\System32\RPCRT4.dll
0x00007ffc92e10000 - 0x00007ffc92fa4000 	C:\Windows\System32\USER32.dll
0x00007ffc926f0000 - 0x00007ffc92711000 	C:\Windows\System32\win32u.dll
0x00007ffc92940000 - 0x00007ffc92966000 	C:\Windows\System32\GDI32.dll
0x00007ffc92400000 - 0x00007ffc92596000 	C:\Windows\System32\gdi32full.dll
0x00007ffc8bcc0000 - 0x00007ffc8bf44000 	C:\Windows\WinSxS\amd64_microsoft.windows.common-controls_6595b64144ccf1df_6.0.18362.959_none_e6c7bbbf130c62bb\COMCTL32.dll
0x00007ffc920b0000 - 0x00007ffc9214e000 	C:\Windows\System32\msvcp_win.dll
0x00007ffc94400000 - 0x00007ffc94735000 	C:\Windows\System32\combase.dll
0x00007ffc91e90000 - 0x00007ffc91f10000 	C:\Windows\System32\bcryptPrimitives.dll
0x00007ffc8a830000 - 0x00007ffc8a83a000 	C:\Windows\SYSTEM32\VERSION.dll
0x00007ffc93b40000 - 0x00007ffc93b6e000 	C:\Windows\System32\IMM32.DLL
0x00007ffc65f70000 - 0x00007ffc6600b000 	C:\Program Files\Java\jdk-14.0.1\bin\msvcp140.dll
0x00007ffc5b400000 - 0x00007ffc5bf1e000 	C:\Program Files\Java\jdk-14.0.1\bin\server\jvm.dll
0x00007ffc92b20000 - 0x00007ffc92b28000 	C:\Windows\System32\PSAPI.DLL
0x00007ffc83ae0000 - 0x00007ffc83ae9000 	C:\Windows\SYSTEM32\WSOCK32.dll
0x00007ffc8dd90000 - 0x00007ffc8ddb4000 	C:\Windows\SYSTEM32\WINMM.dll
0x00007ffc932a0000 - 0x00007ffc9330f000 	C:\Windows\System32\WS2_32.dll
0x00007ffc8d190000 - 0x00007ffc8d1bd000 	C:\Windows\SYSTEM32\winmmbase.dll
0x00007ffc92030000 - 0x00007ffc9207a000 	C:\Windows\System32\cfgmgr32.dll
0x00007ffc91640000 - 0x00007ffc91651000 	C:\Windows\System32\kernel.appcore.dll
0x00007ffc7db30000 - 0x00007ffc7db3a000 	C:\Program Files\Java\jdk-14.0.1\bin\jimage.dll
0x00007ffc8c780000 - 0x00007ffc8c974000 	C:\Windows\SYSTEM32\DBGHELP.DLL
0x00007ffc8ca10000 - 0x00007ffc8ca3a000 	C:\Windows\SYSTEM32\dbgcore.DLL
0x00007ffc7cba0000 - 0x00007ffc7cbd8000 	C:\Program Files\Java\jdk-14.0.1\bin\jdwp.dll
0x00007ffc7bed0000 - 0x00007ffc7bef5000 	C:\Program Files\Java\jdk-14.0.1\bin\java.dll
0x00007ffc7d770000 - 0x00007ffc7d77e000 	C:\Program Files\Java\jdk-14.0.1\bin\instrument.dll
0x00007ffc759a0000 - 0x00007ffc759b6000 	C:\Program Files\Java\jdk-14.0.1\bin\zip.dll
0x00007ffc93310000 - 0x00007ffc939f6000 	C:\Windows\System32\SHELL32.dll
0x00007ffc92ce0000 - 0x00007ffc92d89000 	C:\Windows\System32\shcore.dll
0x00007ffc91700000 - 0x00007ffc91e82000 	C:\Windows\System32\windows.storage.dll
0x00007ffc916d0000 - 0x00007ffc916f3000 	C:\Windows\System32\profapi.dll
0x00007ffc91660000 - 0x00007ffc916aa000 	C:\Windows\System32\powrprof.dll
0x00007ffc91630000 - 0x00007ffc91640000 	C:\Windows\System32\UMPDC.dll
0x00007ffc92b30000 - 0x00007ffc92b82000 	C:\Windows\System32\shlwapi.dll
0x00007ffc91f10000 - 0x00007ffc91f27000 	C:\Windows\System32\cryptsp.dll
0x00007ffc7d1d0000 - 0x00007ffc7d1db000 	C:\Program Files\Java\jdk-14.0.1\bin\dt_socket.dll
0x00007ffc90bb0000 - 0x00007ffc90bea000 	C:\Windows\SYSTEM32\IPHLPAPI.DLL
0x00007ffc90ea0000 - 0x00007ffc90f07000 	C:\Windows\system32\mswsock.dll
0x00007ffc90bf0000 - 0x00007ffc90cbb000 	C:\Windows\SYSTEM32\DNSAPI.dll
0x00007ffc92b90000 - 0x00007ffc92b98000 	C:\Windows\System32\NSI.dll
0x00007ffc8cb90000 - 0x00007ffc8cb9a000 	C:\Windows\System32\rasadhlp.dll
0x00007ffc8d250000 - 0x00007ffc8d2c7000 	C:\Windows\System32\fwpuclnt.dll
0x00007ffc92080000 - 0x00007ffc920a6000 	C:\Windows\System32\bcrypt.dll
0x00007ffc75860000 - 0x00007ffc75879000 	C:\Program Files\Java\jdk-14.0.1\bin\net.dll
0x00007ffc8caa0000 - 0x00007ffc8cb90000 	C:\Windows\SYSTEM32\WINHTTP.dll
0x00007ffc70b10000 - 0x00007ffc70b22000 	C:\Program Files\Java\jdk-14.0.1\bin\nio.dll
0x00007ffc7db40000 - 0x00007ffc7db50000 	C:\Program Files\Java\jdk-14.0.1\bin\verify.dll

dbghelp: loaded successfully - version: 4.0.5 - missing functions: none
symbol engine: initialized successfully - sym options: 0x614 - pdb path: .;C:\Program Files\Java\jdk-14.0.1\bin;C:\Windows\SYSTEM32;C:\Windows\WinSxS\amd64_microsoft.windows.common-controls_6595b64144ccf1df_6.0.18362.959_none_e6c7bbbf130c62bb;C:\Program Files\Java\jdk-14.0.1\bin\server

VM Arguments:
jvm_args: -agentlib:jdwp=transport=dt_socket,suspend=y,address=localhost:55802 -javaagent:C:\java_study\eclips\eclipse\configuration\org.eclipse.osgi\411\0\.cp\lib\javaagent-shaded.jar -Dfile.encoding=UTF-8 
java_command: io.AddressTest
java_class_path (initial): C:\java_study\workspace\erp\target\classes;C:\Users\Administrator\Downloads\ojdbc8.jar;C:\java_study\apache-tomcat-8.5.56\lib\annotations-api.jar;C:\java_study\apache-tomcat-8.5.56\lib\catalina-ant.jar;C:\java_study\apache-tomcat-8.5.56\lib\catalina-ha.jar;C:\java_study\apache-tomcat-8.5.56\lib\catalina-storeconfig.jar;C:\java_study\apache-tomcat-8.5.56\lib\catalina-tribes.jar;C:\java_study\apache-tomcat-8.5.56\lib\catalina.jar;C:\java_study\apache-tomcat-8.5.56\lib\ecj-4.6.3.jar;C:\java_study\apache-tomcat-8.5.56\lib\el-api.jar;C:\java_study\apache-tomcat-8.5.56\lib\jasper-el.jar;C:\java_study\apache-tomcat-8.5.56\lib\jasper.jar;C:\java_study\apache-tomcat-8.5.56\lib\jaspic-api.jar;C:\java_study\apache-tomcat-8.5.56\lib\jsp-api.jar;C:\java_study\apache-tomcat-8.5.56\lib\servlet-api.jar;C:\java_study\apache-tomcat-8.5.56\lib\tomcat-api.jar;C:\java_study\apache-tomcat-8.5.56\lib\tomcat-coyote.jar;C:\java_study\apache-tomcat-8.5.56\lib\tomcat-dbcp.jar;C:\java_study\apache-tomcat-8.5.56\lib\tomcat-i18n-de.jar;C:\java_study\apache-tomcat-8.5.56\lib\tomcat-i18n-es.jar;C:\java_study\apache-tomcat-8.5.56\lib\tomcat-i18n-fr.jar;C:\java_study\apache-tomcat-8.5.56\lib\tomcat-i18n-ja.jar;C:\java_study\apache-tomcat-8.5.56\lib\tomcat-i18n-ko.jar;C:\java_study\apache-tomcat-8.5.56\lib\tomcat-i18n-ru.jar;C:\java_study\apache-tomcat-8.5.56\lib\tomcat-i18n-zh-CN.jar;C:\java_study\apache-tomcat-8.5.56\lib\tomcat-jdbc.jar;C:\java_study\apache-tomcat-8.5.56\lib\tomcat-jni.jar;C:\java_study\apache-tomcat-8.5.56\lib\tomcat-util-scan.jar;C:\java_study\apache-tomcat-8.5.56\lib\tomcat-util.jar;C:\java_study\apache-tomcat-8.5.56\lib\tomcat-websocket.jar;C:\java_study\apache-tomcat-8.5.56\lib\websocket-api.jar;C:\Users\Administrator\.m2\repository\javax\servlet\jstl\1.2\jstl-1.2.jar
Launcher Type: SUN_STANDARD

[Global flags]
     intx CICompilerCount                          = 4                                         {product} {ergonomic}
     uint ConcGCThreads                            = 2                                         {product} {ergonomic}
     uint G1ConcRefinementThreads                  = 8                                         {product} {ergonomic}
   size_t G1HeapRegionSize                         = 1048576                                   {product} {ergonomic}
    uintx GCDrainStackTargetSize                   = 64                                        {product} {ergonomic}
   size_t InitialHeapSize                          = 268435456                                 {product} {ergonomic}
   size_t MarkStackSize                            = 4194304                                   {product} {ergonomic}
   size_t MaxHeapSize                              = 4286578688                                {product} {ergonomic}
   size_t MaxNewSize                               = 2571108352                                {product} {ergonomic}
   size_t MinHeapDeltaBytes                        = 1048576                                   {product} {ergonomic}
   size_t MinHeapSize                              = 8388608                                   {product} {ergonomic}
    uintx NonNMethodCodeHeapSize                   = 5839372                                {pd product} {ergonomic}
    uintx NonProfiledCodeHeapSize                  = 122909434                              {pd product} {ergonomic}
    uintx ProfiledCodeHeapSize                     = 122909434                              {pd product} {ergonomic}
    uintx ReservedCodeCacheSize                    = 251658240                              {pd product} {ergonomic}
     bool SegmentedCodeCache                       = true                                      {product} {ergonomic}
   size_t SoftMaxHeapSize                          = 4286578688                             {manageable} {ergonomic}
     bool UseCompressedClassPointers               = true                                 {lp64_product} {ergonomic}
     bool UseCompressedOops                        = true                                 {lp64_product} {ergonomic}
     bool UseG1GC                                  = true                                      {product} {ergonomic}
     bool UseLargePagesIndividualAllocation        = false                                  {pd product} {ergonomic}

Logging:
Log output configuration:
 #0: stdout all=warning uptime,level,tags
 #1: stderr all=off uptime,level,tags

Environment Variables:
PATH=C:/Program Files/Java/jdk-14.0.1/bin/server;C:/Program Files/Java/jdk-14.0.1/bin;C:\app\Administrator\product\18.0.0\dbhomeXE\bin;C:\Program Files (x86)\Common Files\Oracle\Java\javapath;C:\Windows\system32;C:\Windows;C:\Windows\System32\Wbem;C:\Windows\System32\WindowsPowerShell\v1.0\;C:\Windows\System32\OpenSSH\;C:\Program Files\Java\jdk-14.0.1\bin;C:\Program Files\Git\cmd;C:\Users\Administrator\AppData\Local\Microsoft\WindowsApps;C:\Program Files\Bandizip\;C:\java_study\eclips\eclipse;
USERNAME=Administrator
OS=Windows_NT
PROCESSOR_IDENTIFIER=Intel64 Family 6 Model 58 Stepping 9, GenuineIntel



---------------  S Y S T E M  ---------------

OS: Windows 10 , 64 bit Build 18362 (10.0.18362.959)
OS uptime: 11 days 22:02 hours

CPU:total 8 (initial active 8) (4 cores per cpu, 2 threads per core) family 6 model 58 stepping 9, cmov, cx8, fxsr, mmx, sse, sse2, sse3, ssse3, sse4.1, sse4.2, popcnt, avx, aes, clmul, erms, ht, tsc, tscinvbit, tscinv

Memory: 4k page, system-wide physical 16348M (9621M free)
TotalPageFile size 18780M (AvailPageFile size 8457M)
current process WorkingSet (physical memory assigned to process): 247M, peak: 247M
current process commit charge ("private bytes"): 354M, peak: 373M

vm_info: Java HotSpot(TM) 64-Bit Server VM (14.0.1+7) for windows-amd64 JRE (14.0.1+7), built on Mar  5 2020 10:30:14 by "mach5one" with MS VC++ 15.9 (VS2017)

END.
